{
  "meta": {
    "format": 3,
    "version": "7.14.2",
    "timestamp": "2026-06-22T17:25:02.532288",
    "branch_coverage": false,
    "show_contexts": false
  },
  "files": {
    "materials\\models.py": {
      "executed_lines": [
        1,
        2,
        3,
        7,
        8,
        9,
        10,
        11,
        13,
        14,
        16,
        17,
        18,
        21,
        27,
        28,
        29,
        30,
        31,
        32,
        38,
        40,
        43,
        44,
        45
      ],
      "summary": {
        "covered_lines": 25,
        "num_statements": 26,
        "percent_covered": 96.15384615384616,
        "percent_covered_display": "96",
        "missing_lines": 1,
        "excluded_lines": 0,
        "percent_statements_covered": 96.15384615384616,
        "percent_statements_covered_display": "96"
      },
      "missing_lines": [
        41
      ],
      "excluded_lines": [],
      "functions": {
        "Course.__str__": {
          "executed_lines": [
            14
          ],
          "summary": {
            "covered_lines": 1,
            "num_statements": 1,
            "percent_covered": 100.0,
            "percent_covered_display": "100",
            "missing_lines": 0,
            "excluded_lines": 0,
            "percent_statements_covered": 100.0,
            "percent_statements_covered_display": "100"
          },
          "missing_lines": [],
          "excluded_lines": [],
          "start_line": 13
        },
        "Lesson.__str__": {
          "executed_lines": [],
          "summary": {
            "covered_lines": 0,
            "num_statements": 1,
            "percent_covered": 0.0,
            "percent_covered_display": "0",
            "missing_lines": 1,
            "excluded_lines": 0,
            "percent_statements_covered": 0.0,
            "percent_statements_covered_display": "0"
          },
          "missing_lines": [
            41
          ],
          "excluded_lines": [],
          "start_line": 40
        },
        "": {
          "executed_lines": [
            1,
            2,
            3,
            7,
            8,
            9,
            10,
            11,
            13,
            16,
            17,
            18,
            21,
            27,
            28,
            29,
            30,
            31,
            32,
            38,
            40,
            43,
            44,
            45
          ],
          "summary": {
            "covered_lines": 24,
            "num_statements": 24,
            "percent_covered": 100.0,
            "percent_covered_display": "100",
            "missing_lines": 0,
            "excluded_lines": 0,
            "percent_statements_covered": 100.0,
            "percent_statements_covered_display": "100"
          },
          "missing_lines": [],
          "excluded_lines": [],
          "start_line": 1
        }
      },
      "classes": {
        "Course": {
          "executed_lines": [
            14
          ],
          "summary": {
            "covered_lines": 1,
            "num_statements": 1,
            "percent_covered": 100.0,
            "percent_covered_display": "100",
            "missing_lines": 0,
            "excluded_lines": 0,
            "percent_statements_covered": 100.0,
            "percent_statements_covered_display": "100"
          },
          "missing_lines": [],
          "excluded_lines": [],
          "start_line": 7
        },
        "Course.Meta": {
          "executed_lines": [],
          "summary": {
            "covered_lines": 0,
            "num_statements": 0,
            "percent_covered": 100.0,
            "percent_covered_display": "100",
            "missing_lines": 0,
            "excluded_lines": 0,
            "percent_statements_covered": 100.0,
            "percent_statements_covered_display": "100"
          },
          "missing_lines": [],
          "excluded_lines": [],
          "start_line": 16
        },
        "Lesson": {
          "executed_lines": [],
          "summary": {
            "covered_lines": 0,
            "num_statements": 1,
            "percent_covered": 0.0,
            "percent_covered_display": "0",
            "missing_lines": 1,
            "excluded_lines": 0,
            "percent_statements_covered": 0.0,
            "percent_statements_covered_display": "0"
          },
          "missing_lines": [
            41
          ],
          "excluded_lines": [],
          "start_line": 27
        },
        "Lesson.Meta": {
          "executed_lines": [],
          "summary": {
            "covered_lines": 0,
            "num_statements": 0,
            "percent_covered": 100.0,
            "percent_covered_display": "100",
            "missing_lines": 0,
            "excluded_lines": 0,
            "percent_statements_covered": 100.0,
            "percent_statements_covered_display": "100"
          },
          "missing_lines": [],
          "excluded_lines": [],
          "start_line": 43
        },
        "": {
          "executed_lines": [
            1,
            2,
            3,
            7,
            8,
            9,
            10,
            11,
            13,
            16,
            17,
            18,
            21,
            27,
            28,
            29,
            30,
            31,
            32,
            38,
            40,
            43,
            44,
            45
          ],
          "summary": {
            "covered_lines": 24,
            "num_statements": 24,
            "percent_covered": 100.0,
            "percent_covered_display": "100",
            "missing_lines": 0,
            "excluded_lines": 0,
            "percent_statements_covered": 100.0,
            "percent_statements_covered_display": "100"
          },
          "missing_lines": [],
          "excluded_lines": [],
          "start_line": 1
        }
      }
    },
    "materials\\serailizers.py": {
      "executed_lines": [
        1,
        3,
        4,
        5,
        8,
        9,
        10,
        11,
        12,
        13,
        18,
        19,
        20,
        21,
        23,
        24,
        25,
        26,
        28,
        29,
        31
      ],
      "summary": {
        "covered_lines": 21,
        "num_statements": 25,
        "percent_covered": 84.0,
        "percent_covered_display": "84",
        "missing_lines": 4,
        "excluded_lines": 0,
        "percent_statements_covered": 84.0,
        "percent_statements_covered_display": "84"
      },
      "missing_lines": [
        32,
        33,
        34,
        35
      ],
      "excluded_lines": [],
      "functions": {
        "CourseSerializer.get_lesson_count": {
          "executed_lines": [
            29
          ],
          "summary": {
            "covered_lines": 1,
            "num_statements": 1,
            "percent_covered": 100.0,
            "percent_covered_display": "100",
            "missing_lines": 0,
            "excluded_lines": 0,
            "percent_statements_covered": 100.0,
            "percent_statements_covered_display": "100"
          },
          "missing_lines": [],
          "excluded_lines": [],
          "start_line": 28
        },
        "CourseSerializer.get_subscription": {
          "executed_lines": [],
          "summary": {
            "covered_lines": 0,
            "num_statements": 4,
            "percent_covered": 0.0,
            "percent_covered_display": "0",
            "missing_lines": 4,
            "excluded_lines": 0,
            "percent_statements_covered": 0.0,
            "percent_statements_covered_display": "0"
          },
          "missing_lines": [
            32,
            33,
            34,
            35
          ],
          "excluded_lines": [],
          "start_line": 31
        },
        "": {
          "executed_lines": [
            1,
            3,
            4,
            5,
            8,
            9,
            10,
            11,
            12,
            13,
            18,
            19,
            20,
            21,
            23,
            24,
            25,
            26,
            28,
            31
          ],
          "summary": {
            "covered_lines": 20,
            "num_statements": 20,
            "percent_covered": 100.0,
            "percent_covered_display": "100",
            "missing_lines": 0,
            "excluded_lines": 0,
            "percent_statements_covered": 100.0,
            "percent_statements_covered_display": "100"
          },
          "missing_lines": [],
          "excluded_lines": [],
          "start_line": 1
        }
      },
      "classes": {
        "LessonSerializer": {
          "executed_lines": [],
          "summary": {
            "covered_lines": 0,
            "num_statements": 0,
            "percent_covered": 100.0,
            "percent_covered_display": "100",
            "missing_lines": 0,
            "excluded_lines": 0,
            "percent_statements_covered": 100.0,
            "percent_statements_covered_display": "100"
          },
          "missing_lines": [],
          "excluded_lines": [],
          "start_line": 8
        },
        "LessonSerializer.Meta": {
          "executed_lines": [],
          "summary": {
            "covered_lines": 0,
            "num_statements": 0,
            "percent_covered": 100.0,
            "percent_covered_display": "100",
            "missing_lines": 0,
            "excluded_lines": 0,
            "percent_statements_covered": 100.0,
            "percent_statements_covered_display": "100"
          },
          "missing_lines": [],
          "excluded_lines": [],
          "start_line": 9
        },
        "CourseSerializer": {
          "executed_lines": [
            29
          ],
          "summary": {
            "covered_lines": 1,
            "num_statements": 5,
            "percent_covered": 20.0,
            "percent_covered_display": "20",
            "missing_lines": 4,
            "excluded_lines": 0,
            "percent_statements_covered": 20.0,
            "percent_statements_covered_display": "20"
          },
          "missing_lines": [
            32,
            33,
            34,
            35
          ],
          "excluded_lines": [],
          "start_line": 18
        },
        "CourseSerializer.Meta": {
          "executed_lines": [],
          "summary": {
            "covered_lines": 0,
            "num_statements": 0,
            "percent_covered": 100.0,
            "percent_covered_display": "100",
            "missing_lines": 0,
            "excluded_lines": 0,
            "percent_statements_covered": 100.0,
            "percent_statements_covered_display": "100"
          },
          "missing_lines": [],
          "excluded_lines": [],
          "start_line": 23
        },
        "": {
          "executed_lines": [
            1,
            3,
            4,
            5,
            8,
            9,
            10,
            11,
            12,
            13,
            18,
            19,
            20,
            21,
            23,
            24,
            25,
            26,
            28,
            31
          ],
          "summary": {
            "covered_lines": 20,
            "num_statements": 20,
            "percent_covered": 100.0,
            "percent_covered_display": "100",
            "missing_lines": 0,
            "excluded_lines": 0,
            "percent_statements_covered": 100.0,
            "percent_statements_covered_display": "100"
          },
          "missing_lines": [],
          "excluded_lines": [],
          "start_line": 1
        }
      }
    },
    "materials\\validators.py": {
      "executed_lines": [
        1,
        2,
        4,
        7,
        10,
        11,
        12,
        14,
        18,
        24,
        26,
        27,
        29,
        30,
        32,
        33,
        35,
        40,
        42,
        47
      ],
      "summary": {
        "covered_lines": 20,
        "num_statements": 23,
        "percent_covered": 86.95652173913044,
        "percent_covered_display": "87",
        "missing_lines": 3,
        "excluded_lines": 0,
        "percent_statements_covered": 86.95652173913044,
        "percent_statements_covered_display": "87"
      },
      "missing_lines": [
        15,
        19,
        43
      ],
      "excluded_lines": [],
      "functions": {
        "CourseOrLessonValidator.__call__": {
          "executed_lines": [
            11,
            12,
            14,
            18
          ],
          "summary": {
            "covered_lines": 4,
            "num_statements": 6,
            "percent_covered": 66.66666666666667,
            "percent_covered_display": "67",
            "missing_lines": 2,
            "excluded_lines": 0,
            "percent_statements_covered": 66.66666666666667,
            "percent_statements_covered_display": "67"
          },
          "missing_lines": [
            15,
            19
          ],
          "excluded_lines": [],
          "start_line": 10
        },
        "LessonVideoUrlValidator.__init__": {
          "executed_lines": [
            27
          ],
          "summary": {
            "covered_lines": 1,
            "num_statements": 1,
            "percent_covered": 100.0,
            "percent_covered_display": "100",
            "missing_lines": 0,
            "excluded_lines": 0,
            "percent_statements_covered": 100.0,
            "percent_statements_covered_display": "100"
          },
          "missing_lines": [],
          "excluded_lines": [],
          "start_line": 26
        },
        "LessonVideoUrlValidator.__call__": {
          "executed_lines": [
            30,
            32,
            33,
            35,
            40,
            42,
            47
          ],
          "summary": {
            "covered_lines": 7,
            "num_statements": 8,
            "percent_covered": 87.5,
            "percent_covered_display": "88",
            "missing_lines": 1,
            "excluded_lines": 0,
            "percent_statements_covered": 87.5,
            "percent_statements_covered_display": "88"
          },
          "missing_lines": [
            43
          ],
          "excluded_lines": [],
          "start_line": 29
        },
        "": {
          "executed_lines": [
            1,
            2,
            4,
            7,
            10,
            24,
            26,
            29
          ],
          "summary": {
            "covered_lines": 8,
            "num_statements": 8,
            "percent_covered": 100.0,
            "percent_covered_display": "100",
            "missing_lines": 0,
            "excluded_lines": 0,
            "percent_statements_covered": 100.0,
            "percent_statements_covered_display": "100"
          },
          "missing_lines": [],
          "excluded_lines": [],
          "start_line": 1
        }
      },
      "classes": {
        "CourseOrLessonValidator": {
          "executed_lines": [
            11,
            12,
            14,
            18
          ],
          "summary": {
            "covered_lines": 4,
            "num_statements": 6,
            "percent_covered": 66.66666666666667,
            "percent_covered_display": "67",
            "missing_lines": 2,
            "excluded_lines": 0,
            "percent_statements_covered": 66.66666666666667,
            "percent_statements_covered_display": "67"
          },
          "missing_lines": [
            15,
            19
          ],
          "excluded_lines": [],
          "start_line": 7
        },
        "LessonVideoUrlValidator": {
          "executed_lines": [
            27,
            30,
            32,
            33,
            35,
            40,
            42,
            47
          ],
          "summary": {
            "covered_lines": 8,
            "num_statements": 9,
            "percent_covered": 88.88888888888889,
            "percent_covered_display": "89",
            "missing_lines": 1,
            "excluded_lines": 0,
            "percent_statements_covered": 88.88888888888889,
            "percent_statements_covered_display": "89"
          },
          "missing_lines": [
            43
          ],
          "excluded_lines": [],
          "start_line": 24
        },
        "": {
          "executed_lines": [
            1,
            2,
            4,
            7,
            10,
            24,
            26,
            29
          ],
          "summary": {
            "covered_lines": 8,
            "num_statements": 8,
            "percent_covered": 100.0,
            "percent_covered_display": "100",
            "missing_lines": 0,
            "excluded_lines": 0,
            "percent_statements_covered": 100.0,
            "percent_statements_covered_display": "100"
          },
          "missing_lines": [],
          "excluded_lines": [],
          "start_line": 1
        }
      }
    },
    "materials\\views.py": {
      "executed_lines": [
        1,
        2,
        4,
        5,
        6,
        7,
        11,
        12,
        13,
        15,
        16,
        17,
        18,
        20,
        21,
        22,
        23,
        24,
        25,
        27,
        28,
        29,
        30,
        31,
        32,
        33,
        37,
        39,
        40,
        41,
        44,
        45,
        47,
        48,
        49,
        50,
        53,
        54,
        55,
        57,
        58,
        59,
        60,
        63,
        64,
        67,
        68,
        71,
        72
      ],
      "summary": {
        "covered_lines": 49,
        "num_statements": 50,
        "percent_covered": 98.0,
        "percent_covered_display": "98",
        "missing_lines": 1,
        "excluded_lines": 0,
        "percent_statements_covered": 98.0,
        "percent_statements_covered_display": "98"
      },
      "missing_lines": [
        34
      ],
      "excluded_lines": [],
      "functions": {
        "CourseViewSet.perform_create": {
          "executed_lines": [
            16,
            17,
            18
          ],
          "summary": {
            "covered_lines": 3,
            "num_statements": 3,
            "percent_covered": 100.0,
            "percent_covered_display": "100",
            "missing_lines": 0,
            "excluded_lines": 0,
            "percent_statements_covered": 100.0,
            "percent_statements_covered_display": "100"
          },
          "missing_lines": [],
          "excluded_lines": [],
          "start_line": 15
        },
        "CourseViewSet.get_queryset": {
          "executed_lines": [
            21,
            22,
            23,
            24,
            25
          ],
          "summary": {
            "covered_lines": 5,
            "num_statements": 5,
            "percent_covered": 100.0,
            "percent_covered_display": "100",
            "missing_lines": 0,
            "excluded_lines": 0,
            "percent_statements_covered": 100.0,
            "percent_statements_covered_display": "100"
          },
          "missing_lines": [],
          "excluded_lines": [],
          "start_line": 20
        },
        "CourseViewSet.get_permissions": {
          "executed_lines": [
            28,
            29,
            30,
            31,
            32,
            33
          ],
          "summary": {
            "covered_lines": 6,
            "num_statements": 7,
            "percent_covered": 85.71428571428571,
            "percent_covered_display": "86",
            "missing_lines": 1,
            "excluded_lines": 0,
            "percent_statements_covered": 85.71428571428571,
            "percent_statements_covered_display": "86"
          },
          "missing_lines": [
            34
          ],
          "excluded_lines": [],
          "start_line": 27
        },
        "LessonCreateAPIView.perform_create": {
          "executed_lines": [
            48,
            49,
            50
          ],
          "summary": {
            "covered_lines": 3,
            "num_statements": 3,
            "percent_covered": 100.0,
            "percent_covered_display": "100",
            "missing_lines": 0,
            "excluded_lines": 0,
            "percent_statements_covered": 100.0,
            "percent_statements_covered_display": "100"
          },
          "missing_lines": [],
          "excluded_lines": [],
          "start_line": 47
        },
        "LessonListAPIView.get_queryset": {
          "executed_lines": [
            58,
            59,
            60
          ],
          "summary": {
            "covered_lines": 3,
            "num_statements": 3,
            "percent_covered": 100.0,
            "percent_covered_display": "100",
            "missing_lines": 0,
            "excluded_lines": 0,
            "percent_statements_covered": 100.0,
            "percent_statements_covered_display": "100"
          },
          "missing_lines": [],
          "excluded_lines": [],
          "start_line": 57
        },
        "": {
          "executed_lines": [
            1,
            2,
            4,
            5,
            6,
            7,
            11,
            12,
            13,
            15,
            20,
            27,
            37,
            39,
            40,
            41,
            44,
            45,
            47,
            53,
            54,
            55,
            57,
            63,
            64,
            67,
            68,
            71,
            72
          ],
          "summary": {
            "covered_lines": 29,
            "num_statements": 29,
            "percent_covered": 100.0,
            "percent_covered_display": "100",
            "missing_lines": 0,
            "excluded_lines": 0,
            "percent_statements_covered": 100.0,
            "percent_statements_covered_display": "100"
          },
          "missing_lines": [],
          "excluded_lines": [],
          "start_line": 1
        }
      },
      "classes": {
        "CourseViewSet": {
          "executed_lines": [
            16,
            17,
            18,
            21,
            22,
            23,
            24,
            25,
            28,
            29,
            30,
            31,
            32,
            33
          ],
          "summary": {
            "covered_lines": 14,
            "num_statements": 15,
            "percent_covered": 93.33333333333333,
            "percent_covered_display": "93",
            "missing_lines": 1,
            "excluded_lines": 0,
            "percent_statements_covered": 93.33333333333333,
            "percent_statements_covered_display": "93"
          },
          "missing_lines": [
            34
          ],
          "excluded_lines": [],
          "start_line": 11
        },
        "LessonBaseView": {
          "executed_lines": [],
          "summary": {
            "covered_lines": 0,
            "num_statements": 0,
            "percent_covered": 100.0,
            "percent_covered_display": "100",
            "missing_lines": 0,
            "excluded_lines": 0,
            "percent_statements_covered": 100.0,
            "percent_statements_covered_display": "100"
          },
          "missing_lines": [],
          "excluded_lines": [],
          "start_line": 37
        },
        "LessonCreateAPIView": {
          "executed_lines": [
            48,
            49,
            50
          ],
          "summary": {
            "covered_lines": 3,
            "num_statements": 3,
            "percent_covered": 100.0,
            "percent_covered_display": "100",
            "missing_lines": 0,
            "excluded_lines": 0,
            "percent_statements_covered": 100.0,
            "percent_statements_covered_display": "100"
          },
          "missing_lines": [],
          "excluded_lines": [],
          "start_line": 44
        },
        "LessonListAPIView": {
          "executed_lines": [
            58,
            59,
            60
          ],
          "summary": {
            "covered_lines": 3,
            "num_statements": 3,
            "percent_covered": 100.0,
            "percent_covered_display": "100",
            "missing_lines": 0,
            "excluded_lines": 0,
            "percent_statements_covered": 100.0,
            "percent_statements_covered_display": "100"
          },
          "missing_lines": [],
          "excluded_lines": [],
          "start_line": 53
        },
        "LessonRetrieveAPIView": {
          "executed_lines": [],
          "summary": {
            "covered_lines": 0,
            "num_statements": 0,
            "percent_covered": 100.0,
            "percent_covered_display": "100",
            "missing_lines": 0,
            "excluded_lines": 0,
            "percent_statements_covered": 100.0,
            "percent_statements_covered_display": "100"
          },
          "missing_lines": [],
          "excluded_lines": [],
          "start_line": 63
        },
        "LessonUpdateAPIView": {
          "executed_lines": [],
          "summary": {
            "covered_lines": 0,
            "num_statements": 0,
            "percent_covered": 100.0,
            "percent_covered_display": "100",
            "missing_lines": 0,
            "excluded_lines": 0,
            "percent_statements_covered": 100.0,
            "percent_statements_covered_display": "100"
          },
          "missing_lines": [],
          "excluded_lines": [],
          "start_line": 67
        },
        "LessonDestroyAPIView": {
          "executed_lines": [],
          "summary": {
            "covered_lines": 0,
            "num_statements": 0,
            "percent_covered": 100.0,
            "percent_covered_display": "100",
            "missing_lines": 0,
            "excluded_lines": 0,
            "percent_statements_covered": 100.0,
            "percent_statements_covered_display": "100"
          },
          "missing_lines": [],
          "excluded_lines": [],
          "start_line": 71
        },
        "": {
          "executed_lines": [
            1,
            2,
            4,
            5,
            6,
            7,
            11,
            12,
            13,
            15,
            20,
            27,
            37,
            39,
            40,
            41,
            44,
            45,
            47,
            53,
            54,
            55,
            57,
            63,
            64,
            67,
            68,
            71,
            72
          ],
          "summary": {
            "covered_lines": 29,
            "num_statements": 29,
            "percent_covered": 100.0,
            "percent_covered_display": "100",
            "missing_lines": 0,
            "excluded_lines": 0,
            "percent_statements_covered": 100.0,
            "percent_statements_covered_display": "100"
          },
          "missing_lines": [],
          "excluded_lines": [],
          "start_line": 1
        }
      }
    },
    "users\\models.py": {
      "executed_lines": [
        1,
        2,
        3,
        4,
        5,
        9,
        11,
        12,
        14,
        17,
        18,
        19,
        20,
        21,
        23,
        35,
        36,
        37,
        38,
        39,
        40,
        41,
        42,
        44,
        45,
        46,
        48,
        50,
        51,
        53,
        54,
        55,
        57,
        60,
        63,
        67,
        68,
        69,
        70,
        72,
        74,
        75,
        76,
        77,
        78,
        80,
        81,
        82,
        84,
        89,
        90,
        91,
        93,
        94,
        95,
        97
      ],
      "summary": {
        "covered_lines": 56,
        "num_statements": 71,
        "percent_covered": 78.87323943661971,
        "percent_covered_display": "79",
        "missing_lines": 15,
        "excluded_lines": 0,
        "percent_statements_covered": 78.87323943661971,
        "percent_statements_covered_display": "79"
      },
      "missing_lines": [
        13,
        15,
        24,
        25,
        27,
        28,
        29,
        30,
        32,
        58,
        61,
        64,
        85,
        86,
        98
      ],
      "excluded_lines": [],
      "functions": {
        "CustomUserManager.create_user": {
          "executed_lines": [
            12,
            14,
            17,
            18,
            19,
            20,
            21
          ],
          "summary": {
            "covered_lines": 7,
            "num_statements": 9,
            "percent_covered": 77.77777777777777,
            "percent_covered_display": "78",
            "missing_lines": 2,
            "excluded_lines": 0,
            "percent_statements_covered": 77.77777777777777,
            "percent_statements_covered_display": "78"
          },
          "missing_lines": [
            13,
            15
          ],
          "excluded_lines": [],
          "start_line": 11
        },
        "CustomUserManager.create_superuser": {
          "executed_lines": [],
          "summary": {
            "covered_lines": 0,
            "num_statements": 7,
            "percent_covered": 0.0,
            "percent_covered_display": "0",
            "missing_lines": 7,
            "excluded_lines": 0,
            "percent_statements_covered": 0.0,
            "percent_statements_covered_display": "0"
          },
          "missing_lines": [
            24,
            25,
            27,
            28,
            29,
            30,
            32
          ],
          "excluded_lines": [],
          "start_line": 23
        },
        "CustomUser.__str__": {
          "executed_lines": [],
          "summary": {
            "covered_lines": 0,
            "num_statements": 1,
            "percent_covered": 0.0,
            "percent_covered_display": "0",
            "missing_lines": 1,
            "excluded_lines": 0,
            "percent_statements_covered": 0.0,
            "percent_statements_covered_display": "0"
          },
          "missing_lines": [
            58
          ],
          "excluded_lines": [],
          "start_line": 57
        },
        "CustomUser.has_perm": {
          "executed_lines": [],
          "summary": {
            "covered_lines": 0,
            "num_statements": 1,
            "percent_covered": 0.0,
            "percent_covered_display": "0",
            "missing_lines": 1,
            "excluded_lines": 0,
            "percent_statements_covered": 0.0,
            "percent_statements_covered_display": "0"
          },
          "missing_lines": [
            61
          ],
          "excluded_lines": [],
          "start_line": 60
        },
        "CustomUser.has_module_perms": {
          "executed_lines": [],
          "summary": {
            "covered_lines": 0,
            "num_statements": 1,
            "percent_covered": 0.0,
            "percent_covered_display": "0",
            "missing_lines": 1,
            "excluded_lines": 0,
            "percent_statements_covered": 0.0,
            "percent_statements_covered_display": "0"
          },
          "missing_lines": [
            64
          ],
          "excluded_lines": [],
          "start_line": 63
        },
        "Payment.__str__": {
          "executed_lines": [],
          "summary": {
            "covered_lines": 0,
            "num_statements": 2,
            "percent_covered": 0.0,
            "percent_covered_display": "0",
            "missing_lines": 2,
            "excluded_lines": 0,
            "percent_statements_covered": 0.0,
            "percent_statements_covered_display": "0"
          },
          "missing_lines": [
            85,
            86
          ],
          "excluded_lines": [],
          "start_line": 84
        },
        "Subscription.__str__": {
          "executed_lines": [],
          "summary": {
            "covered_lines": 0,
            "num_statements": 1,
            "percent_covered": 0.0,
            "percent_covered_display": "0",
            "missing_lines": 1,
            "excluded_lines": 0,
            "percent_statements_covered": 0.0,
            "percent_statements_covered_display": "0"
          },
          "missing_lines": [
            98
          ],
          "excluded_lines": [],
          "start_line": 97
        },
        "": {
          "executed_lines": [
            1,
            2,
            3,
            4,
            5,
            9,
            11,
            23,
            35,
            36,
            37,
            38,
            39,
            40,
            41,
            42,
            44,
            45,
            46,
            48,
            50,
            51,
            53,
            54,
            55,
            57,
            60,
            63,
            67,
            68,
            69,
            70,
            72,
            74,
            75,
            76,
            77,
            78,
            80,
            81,
            82,
            84,
            89,
            90,
            91,
            93,
            94,
            95,
            97
          ],
          "summary": {
            "covered_lines": 49,
            "num_statements": 49,
            "percent_covered": 100.0,
            "percent_covered_display": "100",
            "missing_lines": 0,
            "excluded_lines": 0,
            "percent_statements_covered": 100.0,
            "percent_statements_covered_display": "100"
          },
          "missing_lines": [],
          "excluded_lines": [],
          "start_line": 1
        }
      },
      "classes": {
        "CustomUserManager": {
          "executed_lines": [
            12,
            14,
            17,
            18,
            19,
            20,
            21
          ],
          "summary": {
            "covered_lines": 7,
            "num_statements": 16,
            "percent_covered": 43.75,
            "percent_covered_display": "44",
            "missing_lines": 9,
            "excluded_lines": 0,
            "percent_statements_covered": 43.75,
            "percent_statements_covered_display": "44"
          },
          "missing_lines": [
            13,
            15,
            24,
            25,
            27,
            28,
            29,
            30,
            32
          ],
          "excluded_lines": [],
          "start_line": 9
        },
        "CustomUser": {
          "executed_lines": [],
          "summary": {
            "covered_lines": 0,
            "num_statements": 3,
            "percent_covered": 0.0,
            "percent_covered_display": "0",
            "missing_lines": 3,
            "excluded_lines": 0,
            "percent_statements_covered": 0.0,
            "percent_statements_covered_display": "0"
          },
          "missing_lines": [
            58,
            61,
            64
          ],
          "excluded_lines": [],
          "start_line": 35
        },
        "CustomUser.Meta": {
          "executed_lines": [],
          "summary": {
            "covered_lines": 0,
            "num_statements": 0,
            "percent_covered": 100.0,
            "percent_covered_display": "100",
            "missing_lines": 0,
            "excluded_lines": 0,
            "percent_statements_covered": 100.0,
            "percent_statements_covered_display": "100"
          },
          "missing_lines": [],
          "excluded_lines": [],
          "start_line": 53
        },
        "Payment": {
          "executed_lines": [],
          "summary": {
            "covered_lines": 0,
            "num_statements": 2,
            "percent_covered": 0.0,
            "percent_covered_display": "0",
            "missing_lines": 2,
            "excluded_lines": 0,
            "percent_statements_covered": 0.0,
            "percent_statements_covered_display": "0"
          },
          "missing_lines": [
            85,
            86
          ],
          "excluded_lines": [],
          "start_line": 67
        },
        "Payment.MethodChoices": {
          "executed_lines": [],
          "summary": {
            "covered_lines": 0,
            "num_statements": 0,
            "percent_covered": 100.0,
            "percent_covered_display": "100",
            "missing_lines": 0,
            "excluded_lines": 0,
            "percent_statements_covered": 100.0,
            "percent_statements_covered_display": "100"
          },
          "missing_lines": [],
          "excluded_lines": [],
          "start_line": 68
        },
        "Payment.Meta": {
          "executed_lines": [],
          "summary": {
            "covered_lines": 0,
            "num_statements": 0,
            "percent_covered": 100.0,
            "percent_covered_display": "100",
            "missing_lines": 0,
            "excluded_lines": 0,
            "percent_statements_covered": 100.0,
            "percent_statements_covered_display": "100"
          },
          "missing_lines": [],
          "excluded_lines": [],
          "start_line": 80
        },
        "Subscription": {
          "executed_lines": [],
          "summary": {
            "covered_lines": 0,
            "num_statements": 1,
            "percent_covered": 0.0,
            "percent_covered_display": "0",
            "missing_lines": 1,
            "excluded_lines": 0,
            "percent_statements_covered": 0.0,
            "percent_statements_covered_display": "0"
          },
          "missing_lines": [
            98
          ],
          "excluded_lines": [],
          "start_line": 89
        },
        "Subscription.Meta": {
          "executed_lines": [],
          "summary": {
            "covered_lines": 0,
            "num_statements": 0,
            "percent_covered": 100.0,
            "percent_covered_display": "100",
            "missing_lines": 0,
            "excluded_lines": 0,
            "percent_statements_covered": 100.0,
            "percent_statements_covered_display": "100"
          },
          "missing_lines": [],
          "excluded_lines": [],
          "start_line": 93
        },
        "": {
          "executed_lines": [
            1,
            2,
            3,
            4,
            5,
            9,
            11,
            23,
            35,
            36,
            37,
            38,
            39,
            40,
            41,
            42,
            44,
            45,
            46,
            48,
            50,
            51,
            53,
            54,
            55,
            57,
            60,
            63,
            67,
            68,
            69,
            70,
            72,
            74,
            75,
            76,
            77,
            78,
            80,
            81,
            82,
            84,
            89,
            90,
            91,
            93,
            94,
            95,
            97
          ],
          "summary": {
            "covered_lines": 49,
            "num_statements": 49,
            "percent_covered": 100.0,
            "percent_covered_display": "100",
            "missing_lines": 0,
            "excluded_lines": 0,
            "percent_statements_covered": 100.0,
            "percent_statements_covered_display": "100"
          },
          "missing_lines": [],
          "excluded_lines": [],
          "start_line": 1
        }
      }
    },
    "users\\permissions.py": {
      "executed_lines": [
        1,
        4,
        7,
        8,
        11,
        14,
        15,
        18,
        20,
        21,
        24,
        26,
        27
      ],
      "summary": {
        "covered_lines": 13,
        "num_statements": 13,
        "percent_covered": 100.0,
        "percent_covered_display": "100",
        "missing_lines": 0,
        "excluded_lines": 0,
        "percent_statements_covered": 100.0,
        "percent_statements_covered_display": "100"
      },
      "missing_lines": [],
      "excluded_lines": [],
      "functions": {
        "IsModerator.has_permission": {
          "executed_lines": [
            8
          ],
          "summary": {
            "covered_lines": 1,
            "num_statements": 1,
            "percent_covered": 100.0,
            "percent_covered_display": "100",
            "missing_lines": 0,
            "excluded_lines": 0,
            "percent_statements_covered": 100.0,
            "percent_statements_covered_display": "100"
          },
          "missing_lines": [],
          "excluded_lines": [],
          "start_line": 7
        },
        "IsNotModerator.has_permission": {
          "executed_lines": [
            15
          ],
          "summary": {
            "covered_lines": 1,
            "num_statements": 1,
            "percent_covered": 100.0,
            "percent_covered_display": "100",
            "missing_lines": 0,
            "excluded_lines": 0,
            "percent_statements_covered": 100.0,
            "percent_statements_covered_display": "100"
          },
          "missing_lines": [],
          "excluded_lines": [],
          "start_line": 14
        },
        "IsOwner.has_object_permission": {
          "executed_lines": [
            21
          ],
          "summary": {
            "covered_lines": 1,
            "num_statements": 1,
            "percent_covered": 100.0,
            "percent_covered_display": "100",
            "missing_lines": 0,
            "excluded_lines": 0,
            "percent_statements_covered": 100.0,
            "percent_statements_covered_display": "100"
          },
          "missing_lines": [],
          "excluded_lines": [],
          "start_line": 20
        },
        "IsSelf.has_object_permission": {
          "executed_lines": [
            27
          ],
          "summary": {
            "covered_lines": 1,
            "num_statements": 1,
            "percent_covered": 100.0,
            "percent_covered_display": "100",
            "missing_lines": 0,
            "excluded_lines": 0,
            "percent_statements_covered": 100.0,
            "percent_statements_covered_display": "100"
          },
          "missing_lines": [],
          "excluded_lines": [],
          "start_line": 26
        },
        "": {
          "executed_lines": [
            1,
            4,
            7,
            11,
            14,
            18,
            20,
            24,
            26
          ],
          "summary": {
            "covered_lines": 9,
            "num_statements": 9,
            "percent_covered": 100.0,
            "percent_covered_display": "100",
            "missing_lines": 0,
            "excluded_lines": 0,
            "percent_statements_covered": 100.0,
            "percent_statements_covered_display": "100"
          },
          "missing_lines": [],
          "excluded_lines": [],
          "start_line": 1
        }
      },
      "classes": {
        "IsModerator": {
          "executed_lines": [
            8
          ],
          "summary": {
            "covered_lines": 1,
            "num_statements": 1,
            "percent_covered": 100.0,
            "percent_covered_display": "100",
            "missing_lines": 0,
            "excluded_lines": 0,
            "percent_statements_covered": 100.0,
            "percent_statements_covered_display": "100"
          },
          "missing_lines": [],
          "excluded_lines": [],
          "start_line": 4
        },
        "IsNotModerator": {
          "executed_lines": [
            15
          ],
          "summary": {
            "covered_lines": 1,
            "num_statements": 1,
            "percent_covered": 100.0,
            "percent_covered_display": "100",
            "missing_lines": 0,
            "excluded_lines": 0,
            "percent_statements_covered": 100.0,
            "percent_statements_covered_display": "100"
          },
          "missing_lines": [],
          "excluded_lines": [],
          "start_line": 11
        },
        "IsOwner": {
          "executed_lines": [
            21
          ],
          "summary": {
            "covered_lines": 1,
            "num_statements": 1,
            "percent_covered": 100.0,
            "percent_covered_display": "100",
            "missing_lines": 0,
            "excluded_lines": 0,
            "percent_statements_covered": 100.0,
            "percent_statements_covered_display": "100"
          },
          "missing_lines": [],
          "excluded_lines": [],
          "start_line": 18
        },
        "IsSelf": {
          "executed_lines": [
            27
          ],
          "summary": {
            "covered_lines": 1,
            "num_statements": 1,
            "percent_covered": 100.0,
            "percent_covered_display": "100",
            "missing_lines": 0,
            "excluded_lines": 0,
            "percent_statements_covered": 100.0,
            "percent_statements_covered_display": "100"
          },
          "missing_lines": [],
          "excluded_lines": [],
          "start_line": 24
        },
        "": {
          "executed_lines": [
            1,
            4,
            7,
            11,
            14,
            18,
            20,
            24,
            26
          ],
          "summary": {
            "covered_lines": 9,
            "num_statements": 9,
            "percent_covered": 100.0,
            "percent_covered_display": "100",
            "missing_lines": 0,
            "excluded_lines": 0,
            "percent_statements_covered": 100.0,
            "percent_statements_covered_display": "100"
          },
          "missing_lines": [],
          "excluded_lines": [],
          "start_line": 1
        }
      }
    },
    "users\\serializers.py": {
      "executed_lines": [
        1,
        2,
        4,
        5,
        6,
        9,
        10,
        11,
        13,
        17,
        22,
        23,
        24,
        25,
        26,
        27,
        32,
        33,
        34,
        36,
        37,
        38,
        40,
        41,
        44,
        45,
        46,
        47,
        50,
        51,
        53,
        54,
        55,
        56
      ],
      "summary": {
        "covered_lines": 34,
        "num_statements": 38,
        "percent_covered": 89.47368421052632,
        "percent_covered_display": "89",
        "missing_lines": 4,
        "excluded_lines": 0,
        "percent_statements_covered": 89.47368421052632,
        "percent_statements_covered_display": "89"
      },
      "missing_lines": [
        14,
        15,
        18,
        19
      ],
      "excluded_lines": [],
      "functions": {
        "CustomTokenObtainPairSerializer.__init__": {
          "executed_lines": [],
          "summary": {
            "covered_lines": 0,
            "num_statements": 2,
            "percent_covered": 0.0,
            "percent_covered_display": "0",
            "missing_lines": 2,
            "excluded_lines": 0,
            "percent_statements_covered": 0.0,
            "percent_statements_covered_display": "0"
          },
          "missing_lines": [
            14,
            15
          ],
          "excluded_lines": [],
          "start_line": 13
        },
        "CustomTokenObtainPairSerializer.validate": {
          "executed_lines": [],
          "summary": {
            "covered_lines": 0,
            "num_statements": 2,
            "percent_covered": 0.0,
            "percent_covered_display": "0",
            "missing_lines": 2,
            "excluded_lines": 0,
            "percent_statements_covered": 0.0,
            "percent_statements_covered_display": "0"
          },
          "missing_lines": [
            18,
            19
          ],
          "excluded_lines": [],
          "start_line": 17
        },
        "CustomUserSerializer.create": {
          "executed_lines": [
            41
          ],
          "summary": {
            "covered_lines": 1,
            "num_statements": 1,
            "percent_covered": 100.0,
            "percent_covered_display": "100",
            "missing_lines": 0,
            "excluded_lines": 0,
            "percent_statements_covered": 100.0,
            "percent_statements_covered_display": "100"
          },
          "missing_lines": [],
          "excluded_lines": [],
          "start_line": 40
        },
        "": {
          "executed_lines": [
            1,
            2,
            4,
            5,
            6,
            9,
            10,
            11,
            13,
            17,
            22,
            23,
            24,
            25,
            26,
            27,
            32,
            33,
            34,
            36,
            37,
            38,
            40,
            44,
            45,
            46,
            47,
            50,
            51,
            53,
            54,
            55,
            56
          ],
          "summary": {
            "covered_lines": 33,
            "num_statements": 33,
            "percent_covered": 100.0,
            "percent_covered_display": "100",
            "missing_lines": 0,
            "excluded_lines": 0,
            "percent_statements_covered": 100.0,
            "percent_statements_covered_display": "100"
          },
          "missing_lines": [],
          "excluded_lines": [],
          "start_line": 1
        }
      },
      "classes": {
        "CustomTokenObtainPairSerializer": {
          "executed_lines": [],
          "summary": {
            "covered_lines": 0,
            "num_statements": 4,
            "percent_covered": 0.0,
            "percent_covered_display": "0",
            "missing_lines": 4,
            "excluded_lines": 0,
            "percent_statements_covered": 0.0,
            "percent_statements_covered_display": "0"
          },
          "missing_lines": [
            14,
            15,
            18,
            19
          ],
          "excluded_lines": [],
          "start_line": 9
        },
        "PaymentSerializer": {
          "executed_lines": [],
          "summary": {
            "covered_lines": 0,
            "num_statements": 0,
            "percent_covered": 100.0,
            "percent_covered_display": "100",
            "missing_lines": 0,
            "excluded_lines": 0,
            "percent_statements_covered": 100.0,
            "percent_statements_covered_display": "100"
          },
          "missing_lines": [],
          "excluded_lines": [],
          "start_line": 22
        },
        "PaymentSerializer.Meta": {
          "executed_lines": [],
          "summary": {
            "covered_lines": 0,
            "num_statements": 0,
            "percent_covered": 100.0,
            "percent_covered_display": "100",
            "missing_lines": 0,
            "excluded_lines": 0,
            "percent_statements_covered": 100.0,
            "percent_statements_covered_display": "100"
          },
          "missing_lines": [],
          "excluded_lines": [],
          "start_line": 23
        },
        "CustomUserSerializer": {
          "executed_lines": [
            41
          ],
          "summary": {
            "covered_lines": 1,
            "num_statements": 1,
            "percent_covered": 100.0,
            "percent_covered_display": "100",
            "missing_lines": 0,
            "excluded_lines": 0,
            "percent_statements_covered": 100.0,
            "percent_statements_covered_display": "100"
          },
          "missing_lines": [],
          "excluded_lines": [],
          "start_line": 32
        },
        "CustomUserSerializer.Meta": {
          "executed_lines": [],
          "summary": {
            "covered_lines": 0,
            "num_statements": 0,
            "percent_covered": 100.0,
            "percent_covered_display": "100",
            "missing_lines": 0,
            "excluded_lines": 0,
            "percent_statements_covered": 100.0,
            "percent_statements_covered_display": "100"
          },
          "missing_lines": [],
          "excluded_lines": [],
          "start_line": 36
        },
        "PublicUserSerializer": {
          "executed_lines": [],
          "summary": {
            "covered_lines": 0,
            "num_statements": 0,
            "percent_covered": 100.0,
            "percent_covered_display": "100",
            "missing_lines": 0,
            "excluded_lines": 0,
            "percent_statements_covered": 100.0,
            "percent_statements_covered_display": "100"
          },
          "missing_lines": [],
          "excluded_lines": [],
          "start_line": 44
        },
        "PublicUserSerializer.Meta": {
          "executed_lines": [],
          "summary": {
            "covered_lines": 0,
            "num_statements": 0,
            "percent_covered": 100.0,
            "percent_covered_display": "100",
            "missing_lines": 0,
            "excluded_lines": 0,
            "percent_statements_covered": 100.0,
            "percent_statements_covered_display": "100"
          },
          "missing_lines": [],
          "excluded_lines": [],
          "start_line": 45
        },
        "SubscriptionSerializer": {
          "executed_lines": [],
          "summary": {
            "covered_lines": 0,
            "num_statements": 0,
            "percent_covered": 100.0,
            "percent_covered_display": "100",
            "missing_lines": 0,
            "excluded_lines": 0,
            "percent_statements_covered": 100.0,
            "percent_statements_covered_display": "100"
          },
          "missing_lines": [],
          "excluded_lines": [],
          "start_line": 50
        },
        "SubscriptionSerializer.Meta": {
          "executed_lines": [],
          "summary": {
            "covered_lines": 0,
            "num_statements": 0,
            "percent_covered": 100.0,
            "percent_covered_display": "100",
            "missing_lines": 0,
            "excluded_lines": 0,
            "percent_statements_covered": 100.0,
            "percent_statements_covered_display": "100"
          },
          "missing_lines": [],
          "excluded_lines": [],
          "start_line": 53
        },
        "": {
          "executed_lines": [
            1,
            2,
            4,
            5,
            6,
            9,
            10,
            11,
            13,
            17,
            22,
            23,
            24,
            25,
            26,
            27,
            32,
            33,
            34,
            36,
            37,
            38,
            40,
            44,
            45,
            46,
            47,
            50,
            51,
            53,
            54,
            55,
            56
          ],
          "summary": {
            "covered_lines": 33,
            "num_statements": 33,
            "percent_covered": 100.0,
            "percent_covered_display": "100",
            "missing_lines": 0,
            "excluded_lines": 0,
            "percent_statements_covered": 100.0,
            "percent_statements_covered_display": "100"
          },
          "missing_lines": [],
          "excluded_lines": [],
          "start_line": 1
        }
      }
    },
    "users\\validators.py": {
      "executed_lines": [
        1,
        3,
        6,
        8,
        9,
        11,
        12,
        13,
        15
      ],
      "summary": {
        "covered_lines": 9,
        "num_statements": 10,
        "percent_covered": 90.0,
        "percent_covered_display": "90",
        "missing_lines": 1,
        "excluded_lines": 0,
        "percent_statements_covered": 90.0,
        "percent_statements_covered_display": "90"
      },
      "missing_lines": [
        14
      ],
      "excluded_lines": [],
      "functions": {
        "CoursePkValidator.__init__": {
          "executed_lines": [
            9
          ],
          "summary": {
            "covered_lines": 1,
            "num_statements": 1,
            "percent_covered": 100.0,
            "percent_covered_display": "100",
            "missing_lines": 0,
            "excluded_lines": 0,
            "percent_statements_covered": 100.0,
            "percent_statements_covered_display": "100"
          },
          "missing_lines": [],
          "excluded_lines": [],
          "start_line": 8
        },
        "CoursePkValidator.__call__": {
          "executed_lines": [
            12,
            13,
            15
          ],
          "summary": {
            "covered_lines": 3,
            "num_statements": 4,
            "percent_covered": 75.0,
            "percent_covered_display": "75",
            "missing_lines": 1,
            "excluded_lines": 0,
            "percent_statements_covered": 75.0,
            "percent_statements_covered_display": "75"
          },
          "missing_lines": [
            14
          ],
          "excluded_lines": [],
          "start_line": 11
        },
        "": {
          "executed_lines": [
            1,
            3,
            6,
            8,
            11
          ],
          "summary": {
            "covered_lines": 5,
            "num_statements": 5,
            "percent_covered": 100.0,
            "percent_covered_display": "100",
            "missing_lines": 0,
            "excluded_lines": 0,
            "percent_statements_covered": 100.0,
            "percent_statements_covered_display": "100"
          },
          "missing_lines": [],
          "excluded_lines": [],
          "start_line": 1
        }
      },
      "classes": {
        "CoursePkValidator": {
          "executed_lines": [
            9,
            12,
            13,
            15
          ],
          "summary": {
            "covered_lines": 4,
            "num_statements": 5,
            "percent_covered": 80.0,
            "percent_covered_display": "80",
            "missing_lines": 1,
            "excluded_lines": 0,
            "percent_statements_covered": 80.0,
            "percent_statements_covered_display": "80"
          },
          "missing_lines": [
            14
          ],
          "excluded_lines": [],
          "start_line": 6
        },
        "": {
          "executed_lines": [
            1,
            3,
            6,
            8,
            11
          ],
          "summary": {
            "covered_lines": 5,
            "num_statements": 5,
            "percent_covered": 100.0,
            "percent_covered_display": "100",
            "missing_lines": 0,
            "excluded_lines": 0,
            "percent_statements_covered": 100.0,
            "percent_statements_covered_display": "100"
          },
          "missing_lines": [],
          "excluded_lines": [],
          "start_line": 1
        }
      }
    },
    "users\\views.py": {
      "executed_lines": [
        1,
        2,
        3,
        4,
        5,
        6,
        7,
        9,
        10,
        11,
        12,
        17,
        18,
        21,
        22,
        23,
        26,
        27,
        29,
        30,
        32,
        33,
        35,
        38,
        39,
        40,
        43,
        44,
        45,
        46,
        49,
        50,
        51,
        54,
        55,
        57,
        58,
        60,
        63,
        64,
        65,
        66,
        67,
        68,
        70,
        77,
        79,
        80,
        81,
        83,
        84,
        85,
        87,
        92,
        93,
        98,
        99
      ],
      "summary": {
        "covered_lines": 57,
        "num_statements": 62,
        "percent_covered": 91.93548387096774,
        "percent_covered_display": "92",
        "missing_lines": 5,
        "excluded_lines": 0,
        "percent_statements_covered": 91.93548387096774,
        "percent_statements_covered_display": "92"
      },
      "missing_lines": [
        59,
        71,
        72,
        73,
        74
      ],
      "excluded_lines": [],
      "functions": {
        "CustomUserRetrieveAPIView.get_serializer_class": {
          "executed_lines": [
            30,
            32,
            33,
            35
          ],
          "summary": {
            "covered_lines": 4,
            "num_statements": 4,
            "percent_covered": 100.0,
            "percent_covered_display": "100",
            "missing_lines": 0,
            "excluded_lines": 0,
            "percent_statements_covered": 100.0,
            "percent_statements_covered_display": "100"
          },
          "missing_lines": [],
          "excluded_lines": [],
          "start_line": 29
        },
        "PaymentCreateAPIView.perform_create": {
          "executed_lines": [
            58,
            60
          ],
          "summary": {
            "covered_lines": 2,
            "num_statements": 3,
            "percent_covered": 66.66666666666667,
            "percent_covered_display": "67",
            "missing_lines": 1,
            "excluded_lines": 0,
            "percent_statements_covered": 66.66666666666667,
            "percent_statements_covered_display": "67"
          },
          "missing_lines": [
            59
          ],
          "excluded_lines": [],
          "start_line": 57
        },
        "PaymentListAPIView.get_queryset": {
          "executed_lines": [],
          "summary": {
            "covered_lines": 0,
            "num_statements": 4,
            "percent_covered": 0.0,
            "percent_covered_display": "0",
            "missing_lines": 4,
            "excluded_lines": 0,
            "percent_statements_covered": 0.0,
            "percent_statements_covered_display": "0"
          },
          "missing_lines": [
            71,
            72,
            73,
            74
          ],
          "excluded_lines": [],
          "start_line": 70
        },
        "SubscriptionToggleAPIView.post": {
          "executed_lines": [
            80,
            81,
            83,
            84,
            85,
            87,
            92,
            93,
            98,
            99
          ],
          "summary": {
            "covered_lines": 10,
            "num_statements": 10,
            "percent_covered": 100.0,
            "percent_covered_display": "100",
            "missing_lines": 0,
            "excluded_lines": 0,
            "percent_statements_covered": 100.0,
            "percent_statements_covered_display": "100"
          },
          "missing_lines": [],
          "excluded_lines": [],
          "start_line": 79
        },
        "": {
          "executed_lines": [
            1,
            2,
            3,
            4,
            5,
            6,
            7,
            9,
            10,
            11,
            12,
            17,
            18,
            21,
            22,
            23,
            26,
            27,
            29,
            38,
            39,
            40,
            43,
            44,
            45,
            46,
            49,
            50,
            51,
            54,
            55,
            57,
            63,
            64,
            65,
            66,
            67,
            68,
            70,
            77,
            79
          ],
          "summary": {
            "covered_lines": 41,
            "num_statements": 41,
            "percent_covered": 100.0,
            "percent_covered_display": "100",
            "missing_lines": 0,
            "excluded_lines": 0,
            "percent_statements_covered": 100.0,
            "percent_statements_covered_display": "100"
          },
          "missing_lines": [],
          "excluded_lines": [],
          "start_line": 1
        }
      },
      "classes": {
        "CustomTokenObtainPairView": {
          "executed_lines": [],
          "summary": {
            "covered_lines": 0,
            "num_statements": 0,
            "percent_covered": 100.0,
            "percent_covered_display": "100",
            "missing_lines": 0,
            "excluded_lines": 0,
            "percent_statements_covered": 100.0,
            "percent_statements_covered_display": "100"
          },
          "missing_lines": [],
          "excluded_lines": [],
          "start_line": 17
        },
        "CustomUserCreateApiView": {
          "executed_lines": [],
          "summary": {
            "covered_lines": 0,
            "num_statements": 0,
            "percent_covered": 100.0,
            "percent_covered_display": "100",
            "missing_lines": 0,
            "excluded_lines": 0,
            "percent_statements_covered": 100.0,
            "percent_statements_covered_display": "100"
          },
          "missing_lines": [],
          "excluded_lines": [],
          "start_line": 21
        },
        "CustomUserRetrieveAPIView": {
          "executed_lines": [
            30,
            32,
            33,
            35
          ],
          "summary": {
            "covered_lines": 4,
            "num_statements": 4,
            "percent_covered": 100.0,
            "percent_covered_display": "100",
            "missing_lines": 0,
            "excluded_lines": 0,
            "percent_statements_covered": 100.0,
            "percent_statements_covered_display": "100"
          },
          "missing_lines": [],
          "excluded_lines": [],
          "start_line": 26
        },
        "CustomUserListAPIView": {
          "executed_lines": [],
          "summary": {
            "covered_lines": 0,
            "num_statements": 0,
            "percent_covered": 100.0,
            "percent_covered_display": "100",
            "missing_lines": 0,
            "excluded_lines": 0,
            "percent_statements_covered": 100.0,
            "percent_statements_covered_display": "100"
          },
          "missing_lines": [],
          "excluded_lines": [],
          "start_line": 38
        },
        "CustomUserUpdateAPIView": {
          "executed_lines": [],
          "summary": {
            "covered_lines": 0,
            "num_statements": 0,
            "percent_covered": 100.0,
            "percent_covered_display": "100",
            "missing_lines": 0,
            "excluded_lines": 0,
            "percent_statements_covered": 100.0,
            "percent_statements_covered_display": "100"
          },
          "missing_lines": [],
          "excluded_lines": [],
          "start_line": 43
        },
        "CustomUserDestroyAPIView": {
          "executed_lines": [],
          "summary": {
            "covered_lines": 0,
            "num_statements": 0,
            "percent_covered": 100.0,
            "percent_covered_display": "100",
            "missing_lines": 0,
            "excluded_lines": 0,
            "percent_statements_covered": 100.0,
            "percent_statements_covered_display": "100"
          },
          "missing_lines": [],
          "excluded_lines": [],
          "start_line": 49
        },
        "PaymentCreateAPIView": {
          "executed_lines": [
            58,
            60
          ],
          "summary": {
            "covered_lines": 2,
            "num_statements": 3,
            "percent_covered": 66.66666666666667,
            "percent_covered_display": "67",
            "missing_lines": 1,
            "excluded_lines": 0,
            "percent_statements_covered": 66.66666666666667,
            "percent_statements_covered_display": "67"
          },
          "missing_lines": [
            59
          ],
          "excluded_lines": [],
          "start_line": 54
        },
        "PaymentListAPIView": {
          "executed_lines": [],
          "summary": {
            "covered_lines": 0,
            "num_statements": 4,
            "percent_covered": 0.0,
            "percent_covered_display": "0",
            "missing_lines": 4,
            "excluded_lines": 0,
            "percent_statements_covered": 0.0,
            "percent_statements_covered_display": "0"
          },
          "missing_lines": [
            71,
            72,
            73,
            74
          ],
          "excluded_lines": [],
          "start_line": 63
        },
        "SubscriptionToggleAPIView": {
          "executed_lines": [
            80,
            81,
            83,
            84,
            85,
            87,
            92,
            93,
            98,
            99
          ],
          "summary": {
            "covered_lines": 10,
            "num_statements": 10,
            "percent_covered": 100.0,
            "percent_covered_display": "100",
            "missing_lines": 0,
            "excluded_lines": 0,
            "percent_statements_covered": 100.0,
            "percent_statements_covered_display": "100"
          },
          "missing_lines": [],
          "excluded_lines": [],
          "start_line": 77
        },
        "": {
          "executed_lines": [
            1,
            2,
            3,
            4,
            5,
            6,
            7,
            9,
            10,
            11,
            12,
            17,
            18,
            21,
            22,
            23,
            26,
            27,
            29,
            38,
            39,
            40,
            43,
            44,
            45,
            46,
            49,
            50,
            51,
            54,
            55,
            57,
            63,
            64,
            65,
            66,
            67,
            68,
            70,
            77,
            79
          ],
          "summary": {
            "covered_lines": 41,
            "num_statements": 41,
            "percent_covered": 100.0,
            "percent_covered_display": "100",
            "missing_lines": 0,
            "excluded_lines": 0,
            "percent_statements_covered": 100.0,
            "percent_statements_covered_display": "100"
          },
          "missing_lines": [],
          "excluded_lines": [],
          "start_line": 1
        }
      }
    }
  },
  "totals": {
    "covered_lines": 284,
    "num_statements": 318,
    "percent_covered": 89.30817610062893,
    "percent_covered_display": "89",
    "missing_lines": 34,
    "excluded_lines": 0,
    "percent_statements_covered": 89.30817610062893,
    "percent_statements_covered_display": "89"
  }
}